<?xml version="1.0" encoding="UTF-8"?>
<!-- Generated by org.testng.reporters.JUnitReportReporter -->
<testsuite hostname="LAPTOP-O6VQT811" failures="0" tests="2" name="com.sdet.AppTest" time="0.068" errors="0" timestamp="2022-11-17T00:03:28 IST" skipped="0">
  <testcase classname="com.sdet.AppTest" name="testlogin1" time="0.066"/>
  <system-out/>
  <testcase classname="com.sdet.AppTest" name="testlogin2" time="0.002"/>
  <system-out/>
</testsuite> <!-- com.sdet.AppTest -->
